2021-04-08 21:37:04,088 clickhouse_migrate:40 [INFO]: table_schema :CREATE TABLE etl.t_report_main_city_desire_66_local (`id` Int64, `main_city_id` Int64, `main_city_name` String, `turnover` Int64, `alive` Int64, `turnover_vege` Int64, `alive_vege` Int64, `turnover_meat_bird` Int64, `alive_meat_bird` Int64, `turnover_rice` Int64, `alive_rice` Int64, `turnover_drink` Int64, `alive_drink` Int64, `is_deleted` Int64, `create_time` Int64, `update_time` Int64, `v` Int64) ENGINE = ReplicatedReplacingMergeTree('/clickhouse-rt/etl/tables/{layer}-{shard}/t_report_main_city_desire_66_local', '{replica}', v) ORDER BY id SETTINGS index_granularity = 8192 
2021-04-08 21:37:04,088 clickhouse_migrate:41 [INFO]: database : etl
2021-04-08 21:37:04,088 clickhouse_migrate:42 [INFO]: table : t_report_main_city_desire_66_local
2021-04-08 21:37:04,088 clickhouse_migrate:56 [INFO]: findall_ret.groups's length : 1 
2021-04-08 21:37:04,088 clickhouse_migrate:60 [INFO]: Good Matching  clickhouse-rt
2021-04-08 21:37:04,088 clickhouse_migrate:62 [INFO]: Target target_schema CREATE TABLE IF NOT EXISTS etl.t_report_main_city_desire_66_local on cluster replicated_stock (`id` Int64, `main_city_id` Int64, `main_city_name` String, `turnover` Int64, `alive` Int64, `turnover_vege` Int64, `alive_vege` Int64, `turnover_meat_bird` Int64, `alive_meat_bird` Int64, `turnover_rice` Int64, `alive_rice` Int64, `turnover_drink` Int64, `alive_drink` Int64, `is_deleted` Int64, `create_time` Int64, `update_time` Int64, `v` Int64) ENGINE = ReplicatedReplacingMergeTree('/clickhouse-rt-new/etl/tables/{layer}-{shard}/t_report_main_city_desire_66_local', '{replica}', v) ORDER BY id SETTINGS index_granularity = 8192
2021-04-08 21:37:04,088 clickhouse_migrate:40 [INFO]: table_schema :CREATE TABLE etl.t_report_main_city_desire_66 (`id` Int64, `main_city_id` Int64, `main_city_name` String, `turnover` Int64, `alive` Int64, `turnover_vege` Int64, `alive_vege` Int64, `turnover_meat_bird` Int64, `alive_meat_bird` Int64, `turnover_rice` Int64, `alive_rice` Int64, `turnover_drink` Int64, `alive_drink` Int64, `is_deleted` Int64, `create_time` Int64, `update_time` Int64, `v` Int64) ENGINE = Distributed(replicated_stock, etl, t_report_main_city_desire_66_local, id) 
2021-04-08 21:37:04,088 clickhouse_migrate:41 [INFO]: database : etl
2021-04-08 21:37:04,088 clickhouse_migrate:42 [INFO]: table : t_report_main_city_desire_66
2021-04-08 21:38:51,296 clickhouse_migrate:40 [INFO]: table_schema :CREATE TABLE etl.t_report_main_city_desire_66_local (`id` Int64, `main_city_id` Int64, `main_city_name` String, `turnover` Int64, `alive` Int64, `turnover_vege` Int64, `alive_vege` Int64, `turnover_meat_bird` Int64, `alive_meat_bird` Int64, `turnover_rice` Int64, `alive_rice` Int64, `turnover_drink` Int64, `alive_drink` Int64, `is_deleted` Int64, `create_time` Int64, `update_time` Int64, `v` Int64) ENGINE = ReplicatedReplacingMergeTree('/clickhouse-rt/etl/tables/{layer}-{shard}/t_report_main_city_desire_66_local', '{replica}', v) ORDER BY id SETTINGS index_granularity = 8192 
2021-04-08 21:38:51,296 clickhouse_migrate:41 [INFO]: database : etl
2021-04-08 21:38:51,296 clickhouse_migrate:42 [INFO]: table : t_report_main_city_desire_66_local
2021-04-08 21:38:51,296 clickhouse_migrate:56 [INFO]: findall_ret.groups's length : 1 
2021-04-08 21:38:51,297 clickhouse_migrate:60 [INFO]: Good Matching  clickhouse-rt
2021-04-08 21:38:51,297 clickhouse_migrate:62 [INFO]: Target target_schema CREATE TABLE IF NOT EXISTS etl.t_report_main_city_desire_66_local on cluster replicated_stock (`id` Int64, `main_city_id` Int64, `main_city_name` String, `turnover` Int64, `alive` Int64, `turnover_vege` Int64, `alive_vege` Int64, `turnover_meat_bird` Int64, `alive_meat_bird` Int64, `turnover_rice` Int64, `alive_rice` Int64, `turnover_drink` Int64, `alive_drink` Int64, `is_deleted` Int64, `create_time` Int64, `update_time` Int64, `v` Int64) ENGINE = ReplicatedReplacingMergeTree('/clickhouse-rt-new/etl/tables/{layer}-{shard}/t_report_main_city_desire_66_local', '{replica}', v) ORDER BY id SETTINGS index_granularity = 8192
2021-04-08 21:38:51,297 clickhouse_migrate:40 [INFO]: table_schema :CREATE TABLE etl.t_report_main_city_desire_66 (`id` Int64, `main_city_id` Int64, `main_city_name` String, `turnover` Int64, `alive` Int64, `turnover_vege` Int64, `alive_vege` Int64, `turnover_meat_bird` Int64, `alive_meat_bird` Int64, `turnover_rice` Int64, `alive_rice` Int64, `turnover_drink` Int64, `alive_drink` Int64, `is_deleted` Int64, `create_time` Int64, `update_time` Int64, `v` Int64) ENGINE = Distributed(replicated_stock, etl, t_report_main_city_desire_66_local, id) 
2021-04-08 21:38:51,297 clickhouse_migrate:41 [INFO]: database : etl
2021-04-08 21:38:51,297 clickhouse_migrate:42 [INFO]: table : t_report_main_city_desire_66
2021-04-08 21:38:51,297 clickhouse_migrate:62 [INFO]: Target target_schema CREATE TABLE IF NOT EXISTS etl.t_report_main_city_desire_66 on cluster replicated_stock (`id` Int64, `main_city_id` Int64, `main_city_name` String, `turnover` Int64, `alive` Int64, `turnover_vege` Int64, `alive_vege` Int64, `turnover_meat_bird` Int64, `alive_meat_bird` Int64, `turnover_rice` Int64, `alive_rice` Int64, `turnover_drink` Int64, `alive_drink` Int64, `is_deleted` Int64, `create_time` Int64, `update_time` Int64, `v` Int64) ENGINE = Distributed(replicated_stock, etl, t_report_main_city_desire_66_local, id)
2021-04-09 14:35:00,641 clickhouse_migrate:36 [INFO]: table_schema :CREATE TABLE etl.t_report_main_city_desire_66_local (`id` Int64, `main_city_id` Int64, `main_city_name` String, `turnover` Int64, `alive` Int64, `turnover_vege` Int64, `alive_vege` Int64, `turnover_meat_bird` Int64, `alive_meat_bird` Int64, `turnover_rice` Int64, `alive_rice` Int64, `turnover_drink` Int64, `alive_drink` Int64, `is_deleted` Int64, `create_time` Int64, `update_time` Int64, `v` Int64) ENGINE = ReplicatedReplacingMergeTree('/clickhouse-rt/etl/tables/{layer}-{shard}/t_report_main_city_desire_66_local', '{replica}', v) ORDER BY id SETTINGS index_granularity = 8192 
2021-04-09 14:35:00,642 clickhouse_migrate:37 [INFO]: database : etl
2021-04-09 14:35:00,642 clickhouse_migrate:38 [INFO]: table : t_report_main_city_desire_66_local
2021-04-09 14:35:00,642 clickhouse_migrate:52 [INFO]: findall_ret.groups's length : 1 
2021-04-09 14:35:00,642 clickhouse_migrate:56 [INFO]: Good Matching  clickhouse-rt
2021-04-09 14:35:00,642 clickhouse_migrate:58 [INFO]: Target target_schema CREATE TABLE IF NOT EXISTS etl.t_report_main_city_desire_66_local on cluster replicated_stock (`id` Int64, `main_city_id` Int64, `main_city_name` String, `turnover` Int64, `alive` Int64, `turnover_vege` Int64, `alive_vege` Int64, `turnover_meat_bird` Int64, `alive_meat_bird` Int64, `turnover_rice` Int64, `alive_rice` Int64, `turnover_drink` Int64, `alive_drink` Int64, `is_deleted` Int64, `create_time` Int64, `update_time` Int64, `v` Int64) ENGINE = ReplicatedReplacingMergeTree('/clickhouse-rt-new/etl/tables/{layer}-{shard}/t_report_main_city_desire_66_local', '{replica}', v) ORDER BY id SETTINGS index_granularity = 8192
2021-04-09 14:35:00,642 clickhouse_migrate:36 [INFO]: table_schema :CREATE TABLE etl.t_report_main_city_desire_66 (`id` Int64, `main_city_id` Int64, `main_city_name` String, `turnover` Int64, `alive` Int64, `turnover_vege` Int64, `alive_vege` Int64, `turnover_meat_bird` Int64, `alive_meat_bird` Int64, `turnover_rice` Int64, `alive_rice` Int64, `turnover_drink` Int64, `alive_drink` Int64, `is_deleted` Int64, `create_time` Int64, `update_time` Int64, `v` Int64) ENGINE = Distributed(replicated_stock, etl, t_report_main_city_desire_66_local, id) 
2021-04-09 14:35:00,642 clickhouse_migrate:37 [INFO]: database : etl
2021-04-09 14:35:00,642 clickhouse_migrate:38 [INFO]: table : t_report_main_city_desire_66
2021-04-09 14:35:00,642 clickhouse_migrate:58 [INFO]: Target target_schema CREATE TABLE IF NOT EXISTS etl.t_report_main_city_desire_66 on cluster replicated_stock (`id` Int64, `main_city_id` Int64, `main_city_name` String, `turnover` Int64, `alive` Int64, `turnover_vege` Int64, `alive_vege` Int64, `turnover_meat_bird` Int64, `alive_meat_bird` Int64, `turnover_rice` Int64, `alive_rice` Int64, `turnover_drink` Int64, `alive_drink` Int64, `is_deleted` Int64, `create_time` Int64, `update_time` Int64, `v` Int64) ENGINE = Distributed(replicated_stock, etl, t_report_main_city_desire_66_local, id)
2021-04-09 14:36:15,821 clickhouse_migrate:36 [INFO]: table_schema :CREATE TABLE etl.t_report_main_city_desire_66_local (`id` Int64, `main_city_id` Int64, `main_city_name` String, `turnover` Int64, `alive` Int64, `turnover_vege` Int64, `alive_vege` Int64, `turnover_meat_bird` Int64, `alive_meat_bird` Int64, `turnover_rice` Int64, `alive_rice` Int64, `turnover_drink` Int64, `alive_drink` Int64, `is_deleted` Int64, `create_time` Int64, `update_time` Int64, `v` Int64) ENGINE = ReplicatedReplacingMergeTree('/clickhouse-rt/etl/tables/{layer}-{shard}/t_report_main_city_desire_66_local', '{replica}', v) ORDER BY id SETTINGS index_granularity = 8192 
2021-04-09 14:36:15,821 clickhouse_migrate:37 [INFO]: database : etl
2021-04-09 14:36:15,821 clickhouse_migrate:38 [INFO]: table : t_report_main_city_desire_66_local
2021-04-09 14:36:15,821 clickhouse_migrate:52 [INFO]: findall_ret.groups's length : 1 
2021-04-09 14:36:15,821 clickhouse_migrate:56 [INFO]: Good Matching  clickhouse-rt
2021-04-09 14:36:15,821 clickhouse_migrate:58 [INFO]: Target target_schema CREATE TABLE IF NOT EXISTS etl.t_report_main_city_desire_66_local on cluster replicated_stock (`id` Int64, `main_city_id` Int64, `main_city_name` String, `turnover` Int64, `alive` Int64, `turnover_vege` Int64, `alive_vege` Int64, `turnover_meat_bird` Int64, `alive_meat_bird` Int64, `turnover_rice` Int64, `alive_rice` Int64, `turnover_drink` Int64, `alive_drink` Int64, `is_deleted` Int64, `create_time` Int64, `update_time` Int64, `v` Int64) ENGINE = ReplicatedReplacingMergeTree('/clickhouse-rt-new/etl/tables/{layer}-{shard}/t_report_main_city_desire_66_local', '{replica}', v) ORDER BY id SETTINGS index_granularity = 8192
2021-04-09 14:36:15,821 clickhouse_migrate:36 [INFO]: table_schema :CREATE TABLE etl.t_report_main_city_desire_66 (`id` Int64, `main_city_id` Int64, `main_city_name` String, `turnover` Int64, `alive` Int64, `turnover_vege` Int64, `alive_vege` Int64, `turnover_meat_bird` Int64, `alive_meat_bird` Int64, `turnover_rice` Int64, `alive_rice` Int64, `turnover_drink` Int64, `alive_drink` Int64, `is_deleted` Int64, `create_time` Int64, `update_time` Int64, `v` Int64) ENGINE = Distributed(replicated_stock, etl, t_report_main_city_desire_66_local, id) 
2021-04-09 14:36:15,822 clickhouse_migrate:37 [INFO]: database : etl
2021-04-09 14:36:15,822 clickhouse_migrate:38 [INFO]: table : t_report_main_city_desire_66
2021-04-09 14:36:15,822 clickhouse_migrate:58 [INFO]: Target target_schema CREATE TABLE IF NOT EXISTS etl.t_report_main_city_desire_66 on cluster replicated_stock (`id` Int64, `main_city_id` Int64, `main_city_name` String, `turnover` Int64, `alive` Int64, `turnover_vege` Int64, `alive_vege` Int64, `turnover_meat_bird` Int64, `alive_meat_bird` Int64, `turnover_rice` Int64, `alive_rice` Int64, `turnover_drink` Int64, `alive_drink` Int64, `is_deleted` Int64, `create_time` Int64, `update_time` Int64, `v` Int64) ENGINE = Distributed(replicated_stock, etl, t_report_main_city_desire_66_local, id)
2021-04-09 14:36:34,629 clickhouse_migrate:36 [INFO]: table_schema :CREATE TABLE etl.t_report_main_city_desire_66_local (`id` Int64, `main_city_id` Int64, `main_city_name` String, `turnover` Int64, `alive` Int64, `turnover_vege` Int64, `alive_vege` Int64, `turnover_meat_bird` Int64, `alive_meat_bird` Int64, `turnover_rice` Int64, `alive_rice` Int64, `turnover_drink` Int64, `alive_drink` Int64, `is_deleted` Int64, `create_time` Int64, `update_time` Int64, `v` Int64) ENGINE = ReplicatedReplacingMergeTree('/clickhouse-rt/etl/tables/{layer}-{shard}/t_report_main_city_desire_66_local', '{replica}', v) ORDER BY id SETTINGS index_granularity = 8192 
2021-04-09 14:36:34,629 clickhouse_migrate:37 [INFO]: database : etl
2021-04-09 14:36:34,629 clickhouse_migrate:38 [INFO]: table : t_report_main_city_desire_66_local
2021-04-09 14:36:34,629 clickhouse_migrate:52 [INFO]: findall_ret.groups's length : 1 
2021-04-09 14:36:34,629 clickhouse_migrate:56 [INFO]: Good Matching  clickhouse-rt
2021-04-09 14:36:34,629 clickhouse_migrate:58 [INFO]: Target target_schema CREATE TABLE IF NOT EXISTS etl.t_report_main_city_desire_66_local on cluster replicated_stock (`id` Int64, `main_city_id` Int64, `main_city_name` String, `turnover` Int64, `alive` Int64, `turnover_vege` Int64, `alive_vege` Int64, `turnover_meat_bird` Int64, `alive_meat_bird` Int64, `turnover_rice` Int64, `alive_rice` Int64, `turnover_drink` Int64, `alive_drink` Int64, `is_deleted` Int64, `create_time` Int64, `update_time` Int64, `v` Int64) ENGINE = ReplicatedReplacingMergeTree('/clickhouse-rt-new/etl/tables/{layer}-{shard}/t_report_main_city_desire_66_local', '{replica}', v) ORDER BY id SETTINGS index_granularity = 8192
2021-04-09 14:36:34,629 clickhouse_migrate:36 [INFO]: table_schema :CREATE TABLE etl.t_report_main_city_desire_66 (`id` Int64, `main_city_id` Int64, `main_city_name` String, `turnover` Int64, `alive` Int64, `turnover_vege` Int64, `alive_vege` Int64, `turnover_meat_bird` Int64, `alive_meat_bird` Int64, `turnover_rice` Int64, `alive_rice` Int64, `turnover_drink` Int64, `alive_drink` Int64, `is_deleted` Int64, `create_time` Int64, `update_time` Int64, `v` Int64) ENGINE = Distributed(replicated_stock, etl, t_report_main_city_desire_66_local, id) 
2021-04-09 14:36:34,630 clickhouse_migrate:37 [INFO]: database : etl
2021-04-09 14:36:34,630 clickhouse_migrate:38 [INFO]: table : t_report_main_city_desire_66
2021-04-09 14:36:34,630 clickhouse_migrate:58 [INFO]: Target target_schema CREATE TABLE IF NOT EXISTS etl.t_report_main_city_desire_66 on cluster replicated_stock (`id` Int64, `main_city_id` Int64, `main_city_name` String, `turnover` Int64, `alive` Int64, `turnover_vege` Int64, `alive_vege` Int64, `turnover_meat_bird` Int64, `alive_meat_bird` Int64, `turnover_rice` Int64, `alive_rice` Int64, `turnover_drink` Int64, `alive_drink` Int64, `is_deleted` Int64, `create_time` Int64, `update_time` Int64, `v` Int64) ENGINE = Distributed(replicated_stock, etl, t_report_main_city_desire_66_local, id)
2021-04-09 14:39:16,671 clickhouse_migrate:36 [INFO]: table_schema :CREATE TABLE etl.t_report_main_city_desire_66_local (`id` Int64, `main_city_id` Int64, `main_city_name` String, `turnover` Int64, `alive` Int64, `turnover_vege` Int64, `alive_vege` Int64, `turnover_meat_bird` Int64, `alive_meat_bird` Int64, `turnover_rice` Int64, `alive_rice` Int64, `turnover_drink` Int64, `alive_drink` Int64, `is_deleted` Int64, `create_time` Int64, `update_time` Int64, `v` Int64) ENGINE = ReplicatedReplacingMergeTree('/clickhouse-rt/etl/tables/{layer}-{shard}/t_report_main_city_desire_66_local', '{replica}', v) ORDER BY id SETTINGS index_granularity = 8192 
2021-04-09 14:39:16,672 clickhouse_migrate:37 [INFO]: database : etl
2021-04-09 14:39:16,672 clickhouse_migrate:38 [INFO]: table : t_report_main_city_desire_66_local
2021-04-09 14:39:16,672 clickhouse_migrate:52 [INFO]: findall_ret.groups's length : 1 
2021-04-09 14:39:16,672 clickhouse_migrate:56 [INFO]: Good Matching  clickhouse-rt
2021-04-09 14:39:16,672 clickhouse_migrate:58 [INFO]: Target target_schema CREATE TABLE IF NOT EXISTS etl.t_report_main_city_desire_66_local on cluster replicated_stock (`id` Int64, `main_city_id` Int64, `main_city_name` String, `turnover` Int64, `alive` Int64, `turnover_vege` Int64, `alive_vege` Int64, `turnover_meat_bird` Int64, `alive_meat_bird` Int64, `turnover_rice` Int64, `alive_rice` Int64, `turnover_drink` Int64, `alive_drink` Int64, `is_deleted` Int64, `create_time` Int64, `update_time` Int64, `v` Int64) ENGINE = ReplicatedReplacingMergeTree('/clickhouse-rt-new/etl/tables/{layer}-{shard}/t_report_main_city_desire_66_local', '{replica}', v) ORDER BY id SETTINGS index_granularity = 8192
2021-04-09 14:39:16,672 clickhouse_migrate:36 [INFO]: table_schema :CREATE TABLE etl.t_report_main_city_desire_66 (`id` Int64, `main_city_id` Int64, `main_city_name` String, `turnover` Int64, `alive` Int64, `turnover_vege` Int64, `alive_vege` Int64, `turnover_meat_bird` Int64, `alive_meat_bird` Int64, `turnover_rice` Int64, `alive_rice` Int64, `turnover_drink` Int64, `alive_drink` Int64, `is_deleted` Int64, `create_time` Int64, `update_time` Int64, `v` Int64) ENGINE = Distributed(replicated_stock, etl, t_report_main_city_desire_66_local, id) 
2021-04-09 14:39:16,672 clickhouse_migrate:37 [INFO]: database : etl
2021-04-09 14:39:16,672 clickhouse_migrate:38 [INFO]: table : t_report_main_city_desire_66
2021-04-09 14:39:16,672 clickhouse_migrate:58 [INFO]: Target target_schema CREATE TABLE IF NOT EXISTS etl.t_report_main_city_desire_66 on cluster replicated_stock (`id` Int64, `main_city_id` Int64, `main_city_name` String, `turnover` Int64, `alive` Int64, `turnover_vege` Int64, `alive_vege` Int64, `turnover_meat_bird` Int64, `alive_meat_bird` Int64, `turnover_rice` Int64, `alive_rice` Int64, `turnover_drink` Int64, `alive_drink` Int64, `is_deleted` Int64, `create_time` Int64, `update_time` Int64, `v` Int64) ENGINE = Distributed(replicated_stock, etl, t_report_main_city_desire_66_local, id)
2021-04-09 14:39:55,161 clickhouse_migrate:36 [INFO]: table_schema :CREATE TABLE etl.t_report_main_city_desire_66_local (`id` Int64, `main_city_id` Int64, `main_city_name` String, `turnover` Int64, `alive` Int64, `turnover_vege` Int64, `alive_vege` Int64, `turnover_meat_bird` Int64, `alive_meat_bird` Int64, `turnover_rice` Int64, `alive_rice` Int64, `turnover_drink` Int64, `alive_drink` Int64, `is_deleted` Int64, `create_time` Int64, `update_time` Int64, `v` Int64) ENGINE = ReplicatedReplacingMergeTree('/clickhouse-rt/etl/tables/{layer}-{shard}/t_report_main_city_desire_66_local', '{replica}', v) ORDER BY id SETTINGS index_granularity = 8192 
2021-04-09 14:39:55,161 clickhouse_migrate:37 [INFO]: database : etl
2021-04-09 14:39:55,161 clickhouse_migrate:38 [INFO]: table : t_report_main_city_desire_66_local
2021-04-09 14:39:55,161 clickhouse_migrate:52 [INFO]: findall_ret.groups's length : 1 
2021-04-09 14:39:55,161 clickhouse_migrate:56 [INFO]: Good Matching  clickhouse-rt
2021-04-09 14:39:55,161 clickhouse_migrate:58 [INFO]: Target target_schema CREATE TABLE IF NOT EXISTS etl.t_report_main_city_desire_66_local on cluster replicated_stock (`id` Int64, `main_city_id` Int64, `main_city_name` String, `turnover` Int64, `alive` Int64, `turnover_vege` Int64, `alive_vege` Int64, `turnover_meat_bird` Int64, `alive_meat_bird` Int64, `turnover_rice` Int64, `alive_rice` Int64, `turnover_drink` Int64, `alive_drink` Int64, `is_deleted` Int64, `create_time` Int64, `update_time` Int64, `v` Int64) ENGINE = ReplicatedReplacingMergeTree('/clickhouse-rt-new/etl/tables/{layer}-{shard}/t_report_main_city_desire_66_local', '{replica}', v) ORDER BY id SETTINGS index_granularity = 8192
2021-04-09 14:39:55,162 clickhouse_migrate:36 [INFO]: table_schema :CREATE TABLE etl.t_report_main_city_desire_66 (`id` Int64, `main_city_id` Int64, `main_city_name` String, `turnover` Int64, `alive` Int64, `turnover_vege` Int64, `alive_vege` Int64, `turnover_meat_bird` Int64, `alive_meat_bird` Int64, `turnover_rice` Int64, `alive_rice` Int64, `turnover_drink` Int64, `alive_drink` Int64, `is_deleted` Int64, `create_time` Int64, `update_time` Int64, `v` Int64) ENGINE = Distributed(replicated_stock, etl, t_report_main_city_desire_66_local, id) 
2021-04-09 14:39:55,162 clickhouse_migrate:37 [INFO]: database : etl
2021-04-09 14:39:55,162 clickhouse_migrate:38 [INFO]: table : t_report_main_city_desire_66
2021-04-09 14:39:55,162 clickhouse_migrate:58 [INFO]: Target target_schema CREATE TABLE IF NOT EXISTS etl.t_report_main_city_desire_66 on cluster replicated_stock (`id` Int64, `main_city_id` Int64, `main_city_name` String, `turnover` Int64, `alive` Int64, `turnover_vege` Int64, `alive_vege` Int64, `turnover_meat_bird` Int64, `alive_meat_bird` Int64, `turnover_rice` Int64, `alive_rice` Int64, `turnover_drink` Int64, `alive_drink` Int64, `is_deleted` Int64, `create_time` Int64, `update_time` Int64, `v` Int64) ENGINE = Distributed(replicated_stock, etl, t_report_main_city_desire_66_local, id)
2021-04-09 14:47:10,600 clickhouse_migrate:36 [INFO]: table_schema :CREATE TABLE etl.t_report_main_city_desire_66_local (`id` Int64, `main_city_id` Int64, `main_city_name` String, `turnover` Int64, `alive` Int64, `turnover_vege` Int64, `alive_vege` Int64, `turnover_meat_bird` Int64, `alive_meat_bird` Int64, `turnover_rice` Int64, `alive_rice` Int64, `turnover_drink` Int64, `alive_drink` Int64, `is_deleted` Int64, `create_time` Int64, `update_time` Int64, `v` Int64) ENGINE = ReplicatedReplacingMergeTree('/clickhouse-rt/etl/tables/{layer}-{shard}/t_report_main_city_desire_66_local', '{replica}', v) ORDER BY id SETTINGS index_granularity = 8192 
2021-04-09 14:47:10,600 clickhouse_migrate:37 [INFO]: database : etl
2021-04-09 14:47:10,600 clickhouse_migrate:38 [INFO]: table : t_report_main_city_desire_66_local
2021-04-09 14:47:10,601 clickhouse_migrate:52 [INFO]: findall_ret.groups's length : 1 
2021-04-09 14:47:10,601 clickhouse_migrate:56 [INFO]: Good Matching  clickhouse-rt
2021-04-09 14:47:10,601 clickhouse_migrate:58 [INFO]: Target target_schema CREATE TABLE IF NOT EXISTS etl.t_report_main_city_desire_66_local on cluster replicated_stock (`id` Int64, `main_city_id` Int64, `main_city_name` String, `turnover` Int64, `alive` Int64, `turnover_vege` Int64, `alive_vege` Int64, `turnover_meat_bird` Int64, `alive_meat_bird` Int64, `turnover_rice` Int64, `alive_rice` Int64, `turnover_drink` Int64, `alive_drink` Int64, `is_deleted` Int64, `create_time` Int64, `update_time` Int64, `v` Int64) ENGINE = ReplicatedReplacingMergeTree('/clickhouse-rt-new/etl/tables/{layer}-{shard}/t_report_main_city_desire_66_local', '{replica}', v) ORDER BY id SETTINGS index_granularity = 8192
2021-04-09 14:47:10,601 clickhouse_migrate:36 [INFO]: table_schema :CREATE TABLE etl.t_report_main_city_desire_66 (`id` Int64, `main_city_id` Int64, `main_city_name` String, `turnover` Int64, `alive` Int64, `turnover_vege` Int64, `alive_vege` Int64, `turnover_meat_bird` Int64, `alive_meat_bird` Int64, `turnover_rice` Int64, `alive_rice` Int64, `turnover_drink` Int64, `alive_drink` Int64, `is_deleted` Int64, `create_time` Int64, `update_time` Int64, `v` Int64) ENGINE = Distributed(replicated_stock, etl, t_report_main_city_desire_66_local, id) 
2021-04-09 14:47:10,601 clickhouse_migrate:37 [INFO]: database : etl
2021-04-09 14:47:10,601 clickhouse_migrate:38 [INFO]: table : t_report_main_city_desire_66
2021-04-09 14:47:10,601 clickhouse_migrate:58 [INFO]: Target target_schema CREATE TABLE IF NOT EXISTS etl.t_report_main_city_desire_66 on cluster replicated_stock (`id` Int64, `main_city_id` Int64, `main_city_name` String, `turnover` Int64, `alive` Int64, `turnover_vege` Int64, `alive_vege` Int64, `turnover_meat_bird` Int64, `alive_meat_bird` Int64, `turnover_rice` Int64, `alive_rice` Int64, `turnover_drink` Int64, `alive_drink` Int64, `is_deleted` Int64, `create_time` Int64, `update_time` Int64, `v` Int64) ENGINE = Distributed(replicated_stock, etl, t_report_main_city_desire_66_local, id)
2021-04-09 14:48:57,685 clickhouse_migrate:36 [INFO]: table_schema :CREATE TABLE etl.t_report_main_city_desire_66_local (`id` Int64, `main_city_id` Int64, `main_city_name` String, `turnover` Int64, `alive` Int64, `turnover_vege` Int64, `alive_vege` Int64, `turnover_meat_bird` Int64, `alive_meat_bird` Int64, `turnover_rice` Int64, `alive_rice` Int64, `turnover_drink` Int64, `alive_drink` Int64, `is_deleted` Int64, `create_time` Int64, `update_time` Int64, `v` Int64) ENGINE = ReplicatedReplacingMergeTree('/clickhouse-rt/etl/tables/{layer}-{shard}/t_report_main_city_desire_66_local', '{replica}', v) ORDER BY id SETTINGS index_granularity = 8192 
2021-04-09 14:48:57,686 clickhouse_migrate:37 [INFO]: database : etl
2021-04-09 14:48:57,686 clickhouse_migrate:38 [INFO]: table : t_report_main_city_desire_66_local
2021-04-09 14:48:57,686 clickhouse_migrate:52 [INFO]: findall_ret.groups's length : 1 
2021-04-09 14:48:57,686 clickhouse_migrate:56 [INFO]: Good Matching  clickhouse-rt
2021-04-09 14:48:57,686 clickhouse_migrate:58 [INFO]: Target target_schema CREATE TABLE IF NOT EXISTS etl.t_report_main_city_desire_66_local on cluster replicated_stock (`id` Int64, `main_city_id` Int64, `main_city_name` String, `turnover` Int64, `alive` Int64, `turnover_vege` Int64, `alive_vege` Int64, `turnover_meat_bird` Int64, `alive_meat_bird` Int64, `turnover_rice` Int64, `alive_rice` Int64, `turnover_drink` Int64, `alive_drink` Int64, `is_deleted` Int64, `create_time` Int64, `update_time` Int64, `v` Int64) ENGINE = ReplicatedReplacingMergeTree('/clickhouse-rt-new/etl/tables/{layer}-{shard}/t_report_main_city_desire_66_local', '{replica}', v) ORDER BY id SETTINGS index_granularity = 8192
2021-04-09 14:48:57,686 clickhouse_migrate:36 [INFO]: table_schema :CREATE TABLE etl.t_report_main_city_desire_66 (`id` Int64, `main_city_id` Int64, `main_city_name` String, `turnover` Int64, `alive` Int64, `turnover_vege` Int64, `alive_vege` Int64, `turnover_meat_bird` Int64, `alive_meat_bird` Int64, `turnover_rice` Int64, `alive_rice` Int64, `turnover_drink` Int64, `alive_drink` Int64, `is_deleted` Int64, `create_time` Int64, `update_time` Int64, `v` Int64) ENGINE = Distributed(replicated_stock, etl, t_report_main_city_desire_66_local, id) 
2021-04-09 14:48:57,686 clickhouse_migrate:37 [INFO]: database : etl
2021-04-09 14:48:57,686 clickhouse_migrate:38 [INFO]: table : t_report_main_city_desire_66
2021-04-09 14:48:57,686 clickhouse_migrate:58 [INFO]: Target target_schema CREATE TABLE IF NOT EXISTS etl.t_report_main_city_desire_66 on cluster replicated_stock (`id` Int64, `main_city_id` Int64, `main_city_name` String, `turnover` Int64, `alive` Int64, `turnover_vege` Int64, `alive_vege` Int64, `turnover_meat_bird` Int64, `alive_meat_bird` Int64, `turnover_rice` Int64, `alive_rice` Int64, `turnover_drink` Int64, `alive_drink` Int64, `is_deleted` Int64, `create_time` Int64, `update_time` Int64, `v` Int64) ENGINE = Distributed(replicated_stock, etl, t_report_main_city_desire_66_local, id)
2021-04-09 14:49:06,269 clickhouse_migrate:36 [INFO]: table_schema :CREATE TABLE etl.t_report_main_city_desire_66_local (`id` Int64, `main_city_id` Int64, `main_city_name` String, `turnover` Int64, `alive` Int64, `turnover_vege` Int64, `alive_vege` Int64, `turnover_meat_bird` Int64, `alive_meat_bird` Int64, `turnover_rice` Int64, `alive_rice` Int64, `turnover_drink` Int64, `alive_drink` Int64, `is_deleted` Int64, `create_time` Int64, `update_time` Int64, `v` Int64) ENGINE = ReplicatedReplacingMergeTree('/clickhouse-rt/etl/tables/{layer}-{shard}/t_report_main_city_desire_66_local', '{replica}', v) ORDER BY id SETTINGS index_granularity = 8192 
2021-04-09 14:49:06,269 clickhouse_migrate:37 [INFO]: database : etl
2021-04-09 14:49:06,269 clickhouse_migrate:38 [INFO]: table : t_report_main_city_desire_66_local
2021-04-09 14:49:06,270 clickhouse_migrate:52 [INFO]: findall_ret.groups's length : 1 
2021-04-09 14:49:06,270 clickhouse_migrate:56 [INFO]: Good Matching  clickhouse-rt
2021-04-09 14:49:06,270 clickhouse_migrate:58 [INFO]: Target target_schema CREATE TABLE IF NOT EXISTS etl.t_report_main_city_desire_66_local on cluster replicated_stock (`id` Int64, `main_city_id` Int64, `main_city_name` String, `turnover` Int64, `alive` Int64, `turnover_vege` Int64, `alive_vege` Int64, `turnover_meat_bird` Int64, `alive_meat_bird` Int64, `turnover_rice` Int64, `alive_rice` Int64, `turnover_drink` Int64, `alive_drink` Int64, `is_deleted` Int64, `create_time` Int64, `update_time` Int64, `v` Int64) ENGINE = ReplicatedReplacingMergeTree('/clickhouse-rt-new/etl/tables/{layer}-{shard}/t_report_main_city_desire_66_local', '{replica}', v) ORDER BY id SETTINGS index_granularity = 8192
2021-04-09 14:49:06,270 clickhouse_migrate:36 [INFO]: table_schema :CREATE TABLE etl.t_report_main_city_desire_66 (`id` Int64, `main_city_id` Int64, `main_city_name` String, `turnover` Int64, `alive` Int64, `turnover_vege` Int64, `alive_vege` Int64, `turnover_meat_bird` Int64, `alive_meat_bird` Int64, `turnover_rice` Int64, `alive_rice` Int64, `turnover_drink` Int64, `alive_drink` Int64, `is_deleted` Int64, `create_time` Int64, `update_time` Int64, `v` Int64) ENGINE = Distributed(replicated_stock, etl, t_report_main_city_desire_66_local, id) 
2021-04-09 14:49:06,270 clickhouse_migrate:37 [INFO]: database : etl
2021-04-09 14:49:06,270 clickhouse_migrate:38 [INFO]: table : t_report_main_city_desire_66
2021-04-09 14:49:06,270 clickhouse_migrate:58 [INFO]: Target target_schema CREATE TABLE IF NOT EXISTS etl.t_report_main_city_desire_66 on cluster replicated_stock (`id` Int64, `main_city_id` Int64, `main_city_name` String, `turnover` Int64, `alive` Int64, `turnover_vege` Int64, `alive_vege` Int64, `turnover_meat_bird` Int64, `alive_meat_bird` Int64, `turnover_rice` Int64, `alive_rice` Int64, `turnover_drink` Int64, `alive_drink` Int64, `is_deleted` Int64, `create_time` Int64, `update_time` Int64, `v` Int64) ENGINE = Distributed(replicated_stock, etl, t_report_main_city_desire_66_local, id)
2021-04-09 14:49:30,943 clickhouse_migrate:36 [INFO]: table_schema :CREATE TABLE etl.t_report_main_city_desire_66_local (`id` Int64, `main_city_id` Int64, `main_city_name` String, `turnover` Int64, `alive` Int64, `turnover_vege` Int64, `alive_vege` Int64, `turnover_meat_bird` Int64, `alive_meat_bird` Int64, `turnover_rice` Int64, `alive_rice` Int64, `turnover_drink` Int64, `alive_drink` Int64, `is_deleted` Int64, `create_time` Int64, `update_time` Int64, `v` Int64) ENGINE = ReplicatedReplacingMergeTree('/clickhouse-rt/etl/tables/{layer}-{shard}/t_report_main_city_desire_66_local', '{replica}', v) ORDER BY id SETTINGS index_granularity = 8192 
2021-04-09 14:49:30,943 clickhouse_migrate:37 [INFO]: database : etl
2021-04-09 14:49:30,943 clickhouse_migrate:38 [INFO]: table : t_report_main_city_desire_66_local
2021-04-09 14:49:30,943 clickhouse_migrate:52 [INFO]: findall_ret.groups's length : 1 
2021-04-09 14:49:30,944 clickhouse_migrate:56 [INFO]: Good Matching  clickhouse-rt
2021-04-09 14:49:30,944 clickhouse_migrate:58 [INFO]: Target target_schema CREATE TABLE IF NOT EXISTS etl.t_report_main_city_desire_66_local on cluster replicated_stock (`id` Int64, `main_city_id` Int64, `main_city_name` String, `turnover` Int64, `alive` Int64, `turnover_vege` Int64, `alive_vege` Int64, `turnover_meat_bird` Int64, `alive_meat_bird` Int64, `turnover_rice` Int64, `alive_rice` Int64, `turnover_drink` Int64, `alive_drink` Int64, `is_deleted` Int64, `create_time` Int64, `update_time` Int64, `v` Int64) ENGINE = ReplicatedReplacingMergeTree('/clickhouse-rt-new/etl/tables/{layer}-{shard}/t_report_main_city_desire_66_local', '{replica}', v) ORDER BY id SETTINGS index_granularity = 8192
2021-04-09 14:49:30,944 clickhouse_migrate:36 [INFO]: table_schema :CREATE TABLE etl.t_report_main_city_desire_66 (`id` Int64, `main_city_id` Int64, `main_city_name` String, `turnover` Int64, `alive` Int64, `turnover_vege` Int64, `alive_vege` Int64, `turnover_meat_bird` Int64, `alive_meat_bird` Int64, `turnover_rice` Int64, `alive_rice` Int64, `turnover_drink` Int64, `alive_drink` Int64, `is_deleted` Int64, `create_time` Int64, `update_time` Int64, `v` Int64) ENGINE = Distributed(replicated_stock, etl, t_report_main_city_desire_66_local, id) 
2021-04-09 14:49:30,944 clickhouse_migrate:37 [INFO]: database : etl
2021-04-09 14:49:30,944 clickhouse_migrate:38 [INFO]: table : t_report_main_city_desire_66
2021-04-09 14:49:30,944 clickhouse_migrate:58 [INFO]: Target target_schema CREATE TABLE IF NOT EXISTS etl.t_report_main_city_desire_66 on cluster replicated_stock (`id` Int64, `main_city_id` Int64, `main_city_name` String, `turnover` Int64, `alive` Int64, `turnover_vege` Int64, `alive_vege` Int64, `turnover_meat_bird` Int64, `alive_meat_bird` Int64, `turnover_rice` Int64, `alive_rice` Int64, `turnover_drink` Int64, `alive_drink` Int64, `is_deleted` Int64, `create_time` Int64, `update_time` Int64, `v` Int64) ENGINE = Distributed(replicated_stock, etl, t_report_main_city_desire_66_local, id)
2021-04-09 17:59:06,623 clickhouse_migrate:95 [INFO]: Create database, Ready Go!
